2024-11-23 17:12:13 - 
2024-11-23 17:13:14 - 
2024-11-23 17:14:14 - 
2024-11-23 17:14:49 - 
2024-11-23 17:15:31 - 
2024-11-23 17:16:14 - 
2024-11-23 17:17:14 - 
2024-11-23 17:18:16 - 
2024-11-23 17:18:31 - 
2024-11-23 17:18:40 - 
2024-11-23 17:18:48 - 
2024-11-23 17:19:38 - [32mAuction ID: 1 closed. Winner: User ID: 1, Amount: 200.00[39m
[32mAuction ID: 2 closed, but no bids were placed.[39m

2024-11-23 17:20:28 - [32mAuction ID: 1 closed. Winner: User ID: 1, Amount: 500.00[39m
[32mAuction ID: 2 closed, but no bids were placed.[39m

2024-11-23 17:21:28 - [32mAuction ID: 2 closed, but no bids were placed.[39m

2024-11-23 17:22:29 - [32mAuction ID: 2 closed, but no bids were placed.[39m

2024-11-23 17:23:29 - [32mAuction ID: 2 closed, but no bids were placed.[39m

2024-11-23 17:24:30 - [32mAuction ID: 2 closed, but no bids were placed.[39m

2024-11-23 17:25:30 - [32mAuction ID: 2 closed, but no bids were placed.[39m

2024-11-23 17:26:31 - [32mAuction ID: 2 closed, but no bids were placed.[39m

2024-11-23 17:27:31 - [32mAuction ID: 2 closed, but no bids were placed.[39m

2024-11-23 17:28:32 - [32mAuction ID: 2 closed, but no bids were placed.[39m

2024-11-23 17:29:32 - [32mAuction ID: 2 closed, but no bids were placed.[39m

2024-11-23 17:30:33 - [32mAuction ID: 2 closed, but no bids were placed.[39m

2024-11-23 17:31:34 - [32mAuction ID: 2 closed, but no bids were placed.[39m

2024-11-23 17:32:34 - [32mAuction ID: 2 closed, but no bids were placed.[39m

2024-11-23 17:33:35 - [32mAuction ID: 2 closed, but no bids were placed.[39m

2024-11-23 17:34:35 - [32mAuction ID: 2 closed, but no bids were placed.[39m

2024-11-23 17:35:36 - [32mAuction ID: 2 closed, but no bids were placed.[39m

2024-11-23 17:36:36 - [32mAuction ID: 2 closed, but no bids were placed.[39m

2024-11-23 17:37:37 - [32mAuction ID: 2 closed, but no bids were placed.[39m

2024-11-23 17:38:37 - [32mAuction ID: 2 closed, but no bids were placed.[39m

2024-11-23 17:39:37 - [32mAuction ID: 2 closed, but no bids were placed.[39m

2024-11-23 17:40:38 - [32mAuction ID: 2 closed, but no bids were placed.[39m

2024-11-23 17:41:38 - [32mAuction ID: 2 closed, but no bids were placed.[39m

2024-11-23 17:42:39 - [32mAuction ID: 2 closed, but no bids were placed.[39m

2024-11-23 17:43:39 - [32mAuction ID: 2 closed, but no bids were placed.[39m

2024-11-23 17:44:40 - [32mAuction ID: 2 closed, but no bids were placed.[39m

2024-11-23 17:45:40 - [32mAuction ID: 2 closed, but no bids were placed.[39m

2024-11-23 17:46:41 - [32mAuction ID: 2 closed, but no bids were placed.[39m

2024-11-23 17:47:41 - [32mAuction ID: 2 closed, but no bids were placed.[39m

2024-11-23 17:48:41 - [32mAuction ID: 2 closed, but no bids were placed.[39m

2024-11-23 17:49:42 - [32mAuction ID: 2 closed, but no bids were placed.[39m

2024-11-23 17:50:42 - [32mAuction ID: 2 closed, but no bids were placed.[39m

2024-11-23 17:51:43 - [32mAuction ID: 2 closed, but no bids were placed.[39m

2024-11-23 17:52:43 - [32mAuction ID: 2 closed, but no bids were placed.[39m

2024-11-23 17:53:44 - [32mAuction ID: 2 closed, but no bids were placed.[39m

2024-11-23 17:54:44 - [32mAuction ID: 2 closed, but no bids were placed.[39m

2024-11-23 17:55:45 - [32mAuction ID: 2 closed, but no bids were placed.[39m

2024-11-23 17:56:45 - [32mAuction ID: 2 closed, but no bids were placed.[39m

2024-11-23 17:57:46 - [32mAuction ID: 2 closed, but no bids were placed.[39m

2024-11-23 17:58:46 - [32mAuction ID: 2 closed, but no bids were placed.[39m

2024-11-23 17:59:46 - [32mAuction ID: 2 closed, but no bids were placed.[39m

2024-11-23 18:00:47 - [32mAuction ID: 2 closed, but no bids were placed.[39m

2024-11-23 18:01:47 - [32mAuction ID: 2 closed, but no bids were placed.[39m

2024-11-23 18:02:48 - [32mAuction ID: 2 closed, but no bids were placed.[39m

2024-11-23 18:03:48 - [32mAuction ID: 2 closed, but no bids were placed.[39m

2024-11-23 18:04:49 - [32mAuction ID: 2 closed, but no bids were placed.[39m

2024-11-23 18:05:49 - [32mAuction ID: 2 closed, but no bids were placed.[39m

2024-11-23 18:06:50 - [32mAuction ID: 2 closed, but no bids were placed.[39m

2024-11-23 18:07:50 - [32mAuction ID: 2 closed, but no bids were placed.[39m

2024-11-23 18:08:51 - [32mAuction ID: 2 closed, but no bids were placed.[39m

2024-11-23 18:09:51 - 
2024-11-23 18:10:51 - 
2024-11-23 18:11:52 - 
2024-11-23 18:12:52 - 
2024-11-23 18:13:53 - 
2024-11-23 18:14:53 - 
2024-11-23 18:15:54 - 
2024-11-23 18:16:54 - 
2024-11-23 18:17:55 - 
2024-11-23 18:18:55 - 
2024-11-23 18:19:55 - [32mAuction ID: 1 closed, but the highest bidder does not have enough balance.[39m

2024-11-23 18:20:56 - [32mAuction ID: 1 closed, but the highest bidder does not have enough balance.[39m
[32mAuction ID: 2 closed, but no bids were placed.[39m

2024-11-23 18:21:56 - [32mAuction ID: 1 closed, but the highest bidder does not have enough balance.[39m
[32mAuction ID: 2 closed, but no bids were placed.[39m

2024-11-23 18:22:57 - [32mAuction ID: 1 closed, but the highest bidder does not have enough balance.[39m
[32mAuction ID: 2 closed, but no bids were placed.[39m

2024-11-23 18:23:57 - [32mAuction ID: 1 closed. Winner: User ID: 1, Amount: 500.00[39m
[32mAuction ID: 2 closed, but no bids were placed.[39m

2024-11-23 18:24:58 - [32mAuction ID: 2 closed, but no bids were placed.[39m

2024-11-23 18:25:58 - [32mAuction ID: 2 closed, but no bids were placed.[39m

2024-11-23 18:26:58 - [32mAuction ID: 2 closed, but no bids were placed.[39m

2024-11-23 18:27:59 - [32mAuction ID: 2 closed, but no bids were placed.[39m

2024-11-23 18:28:59 - [32mAuction ID: 2 closed. Winner: User ID: 1, Amount: 500.00[39m

2024-11-23 18:30:00 - 
2024-11-23 18:31:00 - 
2024-11-23 18:32:01 - 
2024-11-23 18:33:01 - 
2024-11-23 18:34:02 - 
2024-11-23 18:35:02 - 
2024-11-23 18:36:02 - [32mAuction ID: 1 closed. Winner: User ID: 1, Amount: 200.00[39m

2024-11-23 18:37:03 - [32mAuction ID: 1 closed. Winner: User ID: 1, Amount: 200.00[39m

2024-11-23 18:38:03 - [32mAuction ID: 2 closed. Winner: User ID: 1, Amount: 500.00[39m

2024-11-23 18:39:04 - 
2024-11-23 18:40:04 - 
2024-11-23 18:41:05 - 
2024-11-23 18:42:05 - 
2024-11-23 18:43:06 - 
2024-11-23 18:44:06 - 
2024-11-23 18:45:07 - 
2024-11-23 18:46:07 - 
2024-11-23 18:47:07 - 
2024-11-23 18:48:08 - 
2024-11-23 18:49:08 - 
2024-11-23 18:50:09 - 
2024-11-23 18:51:09 - 
2024-11-23 18:52:10 - 
2024-11-23 18:53:10 - 
2024-11-23 18:54:10 - 
2024-11-23 18:55:11 - 
2024-11-23 18:56:11 - 
2024-11-23 18:57:12 - 
2024-11-23 18:58:12 - 
2024-11-23 18:59:13 - 
2024-11-23 19:00:13 - 
2024-11-23 19:01:14 - 
2024-11-23 23:23:04 - 
2024-11-23 23:23:23 - 
2024-11-23 23:23:52 - 
2024-11-23 23:24:24 - [32mAuction ID: 1 closed. Winner: User ID: 1, Amount: 200.00[39m
[32mAuction ID: 2 closed. Winner: User ID: 1, Amount: 500.00[39m

2024-11-23 23:24:53 - 
2024-11-23 23:25:25 - 
2024-11-23 23:25:53 - 
2024-11-23 23:26:25 - 
2024-11-23 23:26:53 - 
2024-11-23 23:27:26 - 
2024-11-23 23:27:54 - 
2024-11-23 23:28:26 - 
2024-11-23 23:28:54 - 
2024-11-23 23:29:27 - 
2024-11-23 23:29:54 - 
2024-11-23 23:30:27 - 
2024-11-23 23:30:55 - 
2024-11-23 23:31:27 - [32mAuction ID: 1 closed. Winner: User ID: 1, Amount: 200.00[39m

2024-11-23 23:31:55 - 
2024-11-23 23:32:28 - 
2024-11-23 23:32:49 - 
2024-11-23 23:32:55 - 
2024-11-23 23:33:19 - 
2024-11-23 23:33:56 - 
2024-11-23 23:34:20 - 
2024-11-23 23:34:56 - 
2024-11-23 23:35:08 - 
2024-11-23 23:35:56 - 
2024-11-23 23:36:09 - 
2024-11-23 23:36:57 - 
2024-11-23 23:37:09 - 
2024-11-23 23:37:57 - 
2024-11-23 23:38:10 - 
2024-11-23 23:38:57 - 
2024-11-23 23:39:10 - 
2024-11-23 23:39:58 - 
2024-11-23 23:40:11 - 
2024-11-23 23:40:58 - 
2024-11-23 23:41:11 - 
2024-11-23 23:41:58 - 
2024-11-23 23:42:11 - 
2024-11-23 23:42:59 - 
2024-11-23 23:43:12 - 
2024-11-23 23:43:59 - 
2024-11-23 23:44:12 - 
2024-11-23 23:44:59 - 
2024-11-23 23:45:13 - 
2024-11-23 23:46:00 - 
2024-11-23 23:46:13 - 
2024-11-23 23:47:00 - 
2024-11-23 23:47:14 - 
2024-11-23 23:48:00 - 
2024-11-23 23:48:14 - 
2024-11-23 23:49:01 - 
2024-11-23 23:49:15 - 
2024-11-23 23:50:01 - 
2024-11-23 23:50:15 - 
2024-11-23 23:51:02 - 
2024-11-23 23:51:16 - 
2024-11-23 23:52:02 - 
2024-11-23 23:52:16 - 
2024-11-23 23:53:02 - 
2024-11-23 23:53:17 - 
2024-11-23 23:54:02 - 
2024-11-23 23:54:17 - 
2024-11-23 23:55:03 - 
2024-11-23 23:55:17 - 
2024-11-23 23:56:03 - 
2024-11-23 23:56:18 - 
2024-11-23 23:57:03 - 
2024-11-23 23:57:18 - 
2024-11-23 23:58:04 - 
2024-11-23 23:58:19 - 
2024-11-23 23:59:04 - 
2024-11-23 23:59:19 - 
2024-11-24 00:00:05 - 
2024-11-24 00:00:20 - 
2024-11-24 00:01:05 - 
2024-11-24 00:01:20 - 
2024-11-24 00:02:05 - 
2024-11-24 00:02:20 - 
2024-11-24 00:03:06 - 
2024-11-24 00:03:21 - 
2024-11-24 00:04:06 - 
2024-11-24 00:04:21 - 
2024-11-24 00:05:06 - 
2024-11-24 00:05:22 - 
2024-11-24 00:06:07 - 
2024-11-24 00:06:22 - 
2024-11-24 00:07:07 - 
2024-11-24 00:07:23 - 
2024-11-24 00:08:07 - 
2024-11-24 00:08:23 - 
2024-11-24 00:09:08 - 
2024-11-24 00:09:23 - 
2024-11-24 00:10:08 - 
2024-11-24 00:10:24 - 
2024-11-24 00:11:08 - 
2024-11-24 00:11:24 - 
2024-11-24 00:12:09 - 
2024-11-24 00:12:25 - 
2024-11-24 00:13:09 - 
2024-11-24 00:13:26 - [32mAuction ID: 2 closed, but the highest bidder does not have enough balance.[39m

2024-11-24 00:14:09 - 
2024-11-24 00:14:27 - 
2024-11-24 00:15:10 - 
2024-11-24 00:15:27 - 
2024-11-24 00:16:10 - 
2024-11-24 00:16:28 - 
2024-11-24 00:17:10 - 
2024-11-24 00:17:28 - 
2024-11-24 00:18:11 - 
2024-11-24 00:18:29 - 
2024-11-24 00:19:11 - 
2024-11-24 00:19:29 - 
2024-11-24 00:20:11 - 
2024-11-24 00:20:30 - 
2024-11-24 00:21:12 - 
2024-11-24 00:21:30 - 
2024-11-24 00:22:12 - 
2024-11-24 00:22:30 - 
2024-11-24 00:23:12 - 
2024-11-24 00:23:31 - 
2024-11-24 00:24:13 - 
2024-11-24 00:24:31 - 
2024-11-24 00:25:13 - 
2024-11-24 00:25:32 - 
2024-11-24 00:26:13 - 
2024-11-24 00:26:32 - 
2024-11-24 00:27:14 - 
2024-11-24 00:27:33 - 
2024-11-24 00:28:14 - 
2024-11-24 00:28:33 - 
2024-11-24 00:29:14 - 
2024-11-24 00:29:34 - 
2024-11-24 00:30:15 - 
2024-11-24 00:30:34 - 
2024-11-24 00:31:15 - 
2024-11-24 00:31:35 - 
2024-11-24 00:32:15 - 
2024-11-24 00:32:35 - 
2024-11-24 00:33:16 - 
2024-11-24 00:33:36 - 
2024-11-24 00:34:16 - 
2024-11-24 00:34:36 - 
2024-11-24 00:35:16 - 
2024-11-24 00:35:36 - 
2024-11-24 00:36:17 - 
2024-11-24 00:36:37 - 
2024-11-24 00:37:17 - 
2024-11-24 00:37:37 - 
2024-11-24 00:38:17 - 
2024-11-24 00:38:38 - 
2024-11-24 00:39:18 - 
2024-11-24 00:39:38 - 
2024-11-24 00:40:18 - 
2024-11-24 00:40:39 - 
2024-11-24 00:41:18 - 
2024-11-24 00:41:39 - 
2024-11-24 00:42:19 - 
2024-11-24 00:42:40 - 
2024-11-24 00:43:19 - 
2024-11-24 00:43:40 - 
2024-11-24 00:44:19 - 
2024-11-24 00:44:40 - 
2024-11-24 00:45:20 - 
2024-11-24 00:45:41 - 
2024-11-24 00:46:20 - 
2024-11-24 00:46:41 - 
2024-11-24 00:47:20 - 
2024-11-24 00:47:42 - 
2024-11-24 00:48:21 - 
2024-11-24 00:48:42 - 
2024-11-24 00:49:21 - 
2024-11-24 00:49:43 - 
2024-11-24 00:50:21 - 
2024-11-24 00:50:43 - 
2024-11-24 00:51:22 - 
2024-11-24 00:51:44 - 
2024-11-24 00:52:22 - 
2024-11-24 00:52:44 - 
2024-11-24 00:53:22 - 
2024-11-24 00:53:44 - 
2024-11-24 00:54:23 - 
2024-11-24 00:54:45 - 
2024-11-24 00:55:23 - 
2024-11-24 00:55:45 - 
2024-11-24 00:56:23 - 
2024-11-24 00:56:46 - 
2024-11-24 00:57:23 - 
2024-11-24 00:57:46 - 
2024-11-24 00:58:24 - 
2024-11-24 00:58:47 - 
2024-11-24 00:59:24 - 
2024-11-24 00:59:47 - 
2024-11-24 01:00:25 - 
2024-11-24 01:00:47 - 
2024-11-24 01:01:25 - 
2024-11-24 01:01:48 - 
2024-11-24 01:02:25 - 
2024-11-24 01:02:48 - 
2024-11-24 01:03:26 - 
2024-11-24 01:03:49 - 
2024-11-24 01:04:26 - 
2024-11-24 01:04:49 - 
2024-11-24 01:05:26 - 
2024-11-24 01:05:50 - 
2024-11-24 01:06:27 - 
2024-11-24 01:06:50 - 
2024-11-24 01:07:27 - 
2024-11-24 01:07:50 - 
2024-11-24 01:08:27 - 
2024-11-24 01:08:51 - 
2024-11-24 01:09:28 - 
2024-11-24 01:09:51 - 
2024-11-24 01:10:28 - 
2024-11-24 01:10:52 - 
2024-11-24 01:11:28 - 
2024-11-24 01:11:52 - 
2024-11-24 01:12:29 - 
2024-11-24 01:12:53 - 
2024-11-24 01:13:29 - 
2024-11-24 01:13:53 - 
2024-11-24 01:14:29 - 
2024-11-24 01:14:54 - 
2024-11-24 01:15:29 - 
2024-11-24 01:15:54 - 
2024-11-24 01:16:30 - 
2024-11-24 01:16:54 - 
2024-11-24 01:17:30 - 
2024-11-24 01:17:55 - 
2024-11-24 01:18:31 - 
2024-11-24 01:18:55 - 
2024-11-24 01:19:31 - 
2024-11-24 01:19:56 - 
2024-11-24 01:20:31 - 
2024-11-24 01:20:56 - 
2024-11-24 01:21:32 - 
2024-11-24 01:21:57 - 
2024-11-24 01:22:32 - 
2024-11-24 01:22:57 - 
2024-11-24 01:23:32 - 
2024-11-24 01:23:58 - 
2024-11-24 01:24:33 - 
2024-11-24 01:24:58 - 
2024-11-24 01:25:33 - 
2024-11-24 01:25:59 - 
2024-11-24 01:26:33 - 
2024-11-24 01:26:59 - 
2024-11-24 01:27:34 - 
2024-11-24 01:28:00 - 
2024-11-24 01:28:34 - 
2024-11-24 01:29:00 - 
2024-11-24 01:29:34 - 
2024-11-24 01:30:01 - 
2024-11-24 01:30:35 - 
2024-11-24 01:31:01 - 
2024-11-24 01:31:35 - 
2024-11-24 01:32:01 - 
2024-11-24 01:32:35 - 
2024-11-24 01:33:02 - 
2024-11-24 01:33:36 - 
2024-11-24 01:34:02 - 
2024-11-24 01:34:36 - 
2024-11-24 01:35:03 - 
2024-11-24 01:35:36 - 
2024-11-24 01:36:03 - 
2024-11-24 01:36:37 - 
2024-11-24 01:37:04 - 
2024-11-24 01:37:37 - 
2024-11-24 01:38:04 - 
2024-11-24 01:38:38 - 
2024-11-24 01:39:05 - 
2024-11-24 01:39:38 - 
2024-11-24 01:40:05 - 
2024-11-24 01:40:38 - 
2024-11-24 01:41:06 - 
2024-11-24 01:41:39 - 
2024-11-24 01:42:06 - 
2024-11-24 01:42:39 - 
2024-11-24 01:43:07 - 
2024-11-24 01:43:39 - 
2024-11-24 01:44:07 - 
2024-11-24 01:44:40 - 
2024-11-24 01:45:07 - 
2024-11-24 01:45:40 - 
2024-11-24 01:46:08 - 
2024-11-24 01:46:41 - 
2024-11-24 01:47:08 - 
2024-11-24 01:47:41 - 
2024-11-24 01:48:09 - 
2024-11-24 01:48:41 - 
2024-11-24 01:49:09 - 
2024-11-24 01:49:42 - 
2024-11-24 01:50:10 - 
2024-11-24 01:50:42 - 
2024-11-24 01:51:10 - 
2024-11-24 01:51:43 - 
2024-11-24 01:52:11 - 
2024-11-24 01:52:43 - 
2024-11-24 01:53:11 - 
2024-11-24 01:53:43 - 
2024-11-24 01:54:12 - 
2024-11-24 01:54:44 - 
2024-11-24 01:55:12 - 
2024-11-24 01:55:44 - 
2024-11-24 01:56:13 - 
2024-11-24 01:56:45 - 
2024-11-24 01:57:13 - 
2024-11-24 01:57:45 - 
2024-11-24 01:58:14 - 
2024-11-24 01:58:45 - 
2024-11-24 01:59:14 - 
2024-11-24 01:59:46 - 
2024-11-24 02:00:15 - 
2024-11-24 02:00:46 - 
2024-11-24 02:01:15 - 
2024-11-24 02:01:46 - 
2024-11-24 02:02:16 - 
2024-11-24 02:02:47 - 
2024-11-24 02:03:16 - 
2024-11-24 02:03:47 - 
2024-11-24 02:04:17 - 
2024-11-24 02:04:48 - 
2024-11-24 02:05:17 - 
2024-11-24 02:05:48 - 
2024-11-24 02:06:18 - 
2024-11-24 02:06:48 - 
2024-11-24 02:07:18 - 
2024-11-24 02:07:49 - 
2024-11-24 02:08:19 - 
2024-11-24 02:08:49 - 
2024-11-24 02:09:19 - 
2024-11-24 02:09:49 - 
2024-11-24 02:10:20 - 
2024-11-24 02:10:50 - 
2024-11-24 02:11:20 - 
2024-11-24 02:11:50 - 
2024-11-24 02:12:21 - 
2024-11-24 02:12:50 - 
2024-11-24 02:13:21 - 
2024-11-24 02:13:51 - 
2024-11-24 02:14:22 - 
2024-11-24 02:14:51 - 
2024-11-24 02:15:22 - 
2024-11-24 02:15:51 - 
2024-11-24 02:16:23 - 
2024-11-24 02:16:52 - 
2024-11-24 02:17:23 - 
2024-11-24 02:17:52 - 
